<?xml version="1.0" encoding="UTF-8"?>
<robot generator="Robot 7.2.2 (Python 3.13.2 on win32)" generated="2025-03-17T16:48:01.178047" rpa="false" schemaversion="5">
<suite id="s1" name="APIDemos test" source="c:\Users\Administrateur\OneDrive - M2I\Bureau\APIDemos\Tests\APIDemos_test.robot">
<test id="s1-t1" name="Test APIDemos_Chronometer" line="21">
<kw name="Given I open the apps" owner="keywords">
<kw name="Open Application" owner="AppiumLibrary">
<arg>${REMOTE_URL}</arg>
<arg>platformName=${PLATFORM_NAME}</arg>
<arg>platformVersion=${PLATFORM_VERSION}</arg>
<arg>deviceName=${DEVICE_NAME}</arg>
<arg>appPackage=${APP_PACKAGE}</arg>
<arg>appActivity=${APP_ACTIVITY}</arg>
<arg>automationName=${AUTOMATION_NAME}</arg>
<doc>Opens a new application to given Appium server.
Capabilities of appium server, Android and iOS,
Please check https://appium.io/docs/en/2.1/cli/args/
| *Option*            | *Man.* | *Description*     |
| remote_url          | Yes    | Appium server url |
| alias               | no     | alias             |
| strict_ssl          | No     | allows you to send commands to an invalid certificate host like a self-signed one. |</doc>
<status status="PASS" start="2025-03-17T16:48:01.343016" elapsed="5.582673"/>
</kw>
<status status="PASS" start="2025-03-17T16:48:01.342559" elapsed="5.583348"/>
</kw>
<kw name="When Click view" owner="keywords">
<kw name="Click Element" owner="AppiumLibrary">
<msg time="2025-03-17T16:48:06.927996" level="INFO">Clicking element 'xpath=//android.widget.TextView[@content-desc="Views"]'.</msg>
<msg time="2025-03-17T16:48:09.582393" level="INFO">xpath criteria: //android.widget.TextView[@content-desc="Views"]</msg>
<arg>${views}</arg>
<doc>Click element identified by `locator`.</doc>
<status status="PASS" start="2025-03-17T16:48:06.926884" elapsed="2.655695"/>
</kw>
<status status="PASS" start="2025-03-17T16:48:06.926531" elapsed="2.656157"/>
</kw>
<kw name="And Click chronometer" owner="keywords">
<kw name="Click Element" owner="AppiumLibrary">
<msg time="2025-03-17T16:48:09.584930" level="INFO">Clicking element 'xpath=//android.widget.TextView[@content-desc="Chronometer"]'.</msg>
<msg time="2025-03-17T16:48:10.979474" level="INFO">xpath criteria: //android.widget.TextView[@content-desc="Chronometer"]</msg>
<arg>${chronometer}</arg>
<doc>Click element identified by `locator`.</doc>
<status status="PASS" start="2025-03-17T16:48:09.583500" elapsed="1.396175"/>
</kw>
<status status="PASS" start="2025-03-17T16:48:09.583154" elapsed="1.396626"/>
</kw>
<kw name="And Click select_option" owner="keywords">
<kw name="Click Element" owner="AppiumLibrary">
<msg time="2025-03-17T16:48:10.981516" level="INFO">Clicking element 'id=io.appium.android.apis:id/start'.</msg>
<msg time="2025-03-17T16:48:11.593401" level="INFO">criteria is io.appium.android.apis:id/start</msg>
<arg>${select_option}${option}</arg>
<doc>Click element identified by `locator`.</doc>
<status status="PASS" start="2025-03-17T16:48:10.980539" elapsed="0.613036"/>
</kw>
<kw name="Sleep" owner="BuiltIn">
<msg time="2025-03-17T16:48:16.594341" level="INFO">Slept 5 seconds.</msg>
<arg>5s</arg>
<doc>Pauses the test executed for the given time.</doc>
<status status="PASS" start="2025-03-17T16:48:11.593720" elapsed="5.001057"/>
</kw>
<kw name="Get Text" owner="AppiumLibrary">
<msg time="2025-03-17T16:48:16.652248" level="INFO">Element 'id=io.appium.android.apis:id/chronometer' text is 'Initial format: 00:06' </msg>
<msg time="2025-03-17T16:48:16.652440" level="INFO">criteria is io.appium.android.apis:id/chronometer</msg>
<msg time="2025-03-17T16:48:16.652547" level="INFO">${status_text} = Initial format: 00:06</msg>
<var>${status_text}</var>
<arg>${status}</arg>
<doc>Get element text (for hybrid and mobile browser use `xpath` locator, others might cause problem)</doc>
<status status="PASS" start="2025-03-17T16:48:16.595206" elapsed="0.057400"/>
</kw>
<kw name="Log To Console" owner="BuiltIn">
<arg>Le status récupéré : ${status_text}</arg>
<doc>Logs the given message to the console.</doc>
<status status="PASS" start="2025-03-17T16:48:16.652745" elapsed="0.000566"/>
</kw>
<arg>${option}</arg>
<status status="PASS" start="2025-03-17T16:48:10.980247" elapsed="5.673169"/>
</kw>
<kw name="And Click select_option" owner="keywords">
<kw name="Click Element" owner="AppiumLibrary">
<msg time="2025-03-17T16:48:16.655211" level="INFO">Clicking element 'id=io.appium.android.apis:id/set_format'.</msg>
<msg time="2025-03-17T16:48:17.397595" level="INFO">criteria is io.appium.android.apis:id/set_format</msg>
<arg>${select_option}${option}</arg>
<doc>Click element identified by `locator`.</doc>
<status status="PASS" start="2025-03-17T16:48:16.654125" elapsed="0.743710"/>
</kw>
<kw name="Sleep" owner="BuiltIn">
<msg time="2025-03-17T16:48:22.398647" level="INFO">Slept 5 seconds.</msg>
<arg>5s</arg>
<doc>Pauses the test executed for the given time.</doc>
<status status="PASS" start="2025-03-17T16:48:17.397993" elapsed="5.001004"/>
</kw>
<kw name="Get Text" owner="AppiumLibrary">
<msg time="2025-03-17T16:48:22.437704" level="INFO">Element 'id=io.appium.android.apis:id/chronometer' text is 'Formatted time (00:12)' </msg>
<msg time="2025-03-17T16:48:22.437859" level="INFO">criteria is io.appium.android.apis:id/chronometer</msg>
<msg time="2025-03-17T16:48:22.437961" level="INFO">${status_text} = Formatted time (00:12)</msg>
<var>${status_text}</var>
<arg>${status}</arg>
<doc>Get element text (for hybrid and mobile browser use `xpath` locator, others might cause problem)</doc>
<status status="PASS" start="2025-03-17T16:48:22.399286" elapsed="0.038733"/>
</kw>
<kw name="Log To Console" owner="BuiltIn">
<arg>Le status récupéré : ${status_text}</arg>
<doc>Logs the given message to the console.</doc>
<status status="PASS" start="2025-03-17T16:48:22.438154" elapsed="0.000579"/>
</kw>
<arg>${option2}</arg>
<status status="PASS" start="2025-03-17T16:48:16.653851" elapsed="5.785018"/>
</kw>
<status status="PASS" start="2025-03-17T16:48:01.342022" elapsed="21.097450"/>
</test>
<status status="PASS" start="2025-03-17T16:48:01.181492" elapsed="21.259288"/>
</suite>
<statistics>
<total>
<stat pass="1" fail="0" skip="0">All Tests</stat>
</total>
<tag>
</tag>
<suite>
<stat name="APIDemos test" id="s1" pass="1" fail="0" skip="0">APIDemos test</stat>
</suite>
</statistics>
<errors>
</errors>
</robot>
